ca65 V2.18 - N/A
Main file   : acia.s
Current file: acia.s

000000r 1                 .import __ACIA_START__
000000r 1               
000000r 1                 .export ACIA_DATA
000000r 1                 .export ACIA_STAT
000000r 1                 .export ACIA_CMD
000000r 1                 .export ACIA_CTRL
000000r 1               
000000r 1               ACIA_REGISTER_DATA = $00
000000r 1               ACIA_REGISTER_STAT = $01
000000r 1               ACIA_REGISTER_CMD  = $02
000000r 1               ACIA_REGISTER_CTRL  = $03
000000r 1               
000000r 1               ACIA_DATA = __ACIA_START__ + ACIA_REGISTER_DATA
000000r 1               ACIA_STAT = __ACIA_START__ + ACIA_REGISTER_STAT
000000r 1               ACIA_CMD  = __ACIA_START__ + ACIA_REGISTER_CMD
000000r 1               ACIA_CTRL  = __ACIA_START__ + ACIA_REGISTER_CTRL
000000r 1               
