ca65 V2.18 - N/A
Main file   : via.s
Current file: via.s

000000r 1                 .import __VIA1_START__
000000r 1               
000000r 1                 .export VIA1_PORTB
000000r 1                 .export VIA1_PORTA
000000r 1                 .export VIA1_DDRB
000000r 1                 .export VIA1_DDRA
000000r 1                 .export VIA1_T1CL
000000r 1                 .export VIA1_T1CH
000000r 1                 .export VIA1_T1LL
000000r 1                 .export VIA1_T1LH
000000r 1                 .export VIA1_T2CL
000000r 1                 .export VIA1_T2CH
000000r 1                 .export VIA1_SR
000000r 1                 .export VIA1_ACR
000000r 1                 .export VIA1_PCR
000000r 1                 .export VIA1_IFR
000000r 1                 .export VIA1_IER
000000r 1                 .export VIA1_PANH
000000r 1               
000000r 1               VIA1_REGISTER_PORTB = $00
000000r 1               VIA1_REGISTER_PORTA = $01
000000r 1               VIA1_REGISTER_DDRB  = $02
000000r 1               VIA1_REGISTER_DDRA  = $03
000000r 1               VIA1_REGISTER_T1CL  = $04
000000r 1               VIA1_REGISTER_T1CH  = $05
000000r 1               VIA1_REGISTER_T1LL  = $06
000000r 1               VIA1_REGISTER_T1LH  = $07
000000r 1               VIA1_REGISTER_T2CL  = $08
000000r 1               VIA1_REGISTER_T2CH  = $09
000000r 1               VIA1_REGISTER_SR    = $0a
000000r 1               VIA1_REGISTER_ACR   = $0b
000000r 1               VIA1_REGISTER_PCR   = $0c
000000r 1               VIA1_REGISTER_IFR   = $0d
000000r 1               VIA1_REGISTER_IER   = $0e
000000r 1               VIA1_REGISTER_PANH  = $0f
000000r 1               
000000r 1               VIA1_PORTB = __VIA1_START__ + VIA1_REGISTER_PORTB
000000r 1               VIA1_PORTA = __VIA1_START__ + VIA1_REGISTER_PORTA
000000r 1               VIA1_DDRB  = __VIA1_START__ + VIA1_REGISTER_DDRB
000000r 1               VIA1_DDRA  = __VIA1_START__ + VIA1_REGISTER_DDRA
000000r 1               VIA1_T1CL  = __VIA1_START__ + VIA1_REGISTER_T1CL
000000r 1               VIA1_T1CH  = __VIA1_START__ + VIA1_REGISTER_T1CH
000000r 1               VIA1_T1LL  = __VIA1_START__ + VIA1_REGISTER_T1LL
000000r 1               VIA1_T1LH  = __VIA1_START__ + VIA1_REGISTER_T1LH
000000r 1               VIA1_T2CL  = __VIA1_START__ + VIA1_REGISTER_T2CL
000000r 1               VIA1_T2CH  = __VIA1_START__ + VIA1_REGISTER_T2CH
000000r 1               VIA1_SR    = __VIA1_START__ + VIA1_REGISTER_SR
000000r 1               VIA1_ACR   = __VIA1_START__ + VIA1_REGISTER_ACR
000000r 1               VIA1_PCR   = __VIA1_START__ + VIA1_REGISTER_PCR
000000r 1               VIA1_IFR   = __VIA1_START__ + VIA1_REGISTER_IFR
000000r 1               VIA1_IER   = __VIA1_START__ + VIA1_REGISTER_IER
000000r 1               VIA1_PANH  = __VIA1_START__ + VIA1_REGISTER_PANH
000000r 1               
